E:\PROJECT\2016-1218周末班\C++\2017-4-15牌\牌壳\CODE\CARDS\CARDS\DEBUG\CARDS.OBJ
E:\PROJECT\2016-1218周末班\C++\2017-4-15牌\牌壳\CODE\CARDS\CARDS\DEBUG\CARDSCTRL.OBJ
E:\PROJECT\2016-1218周末班\C++\2017-4-15牌\牌壳\CODE\CARDS\CARDS\DEBUG\CARDSRANK.OBJ
E:\PROJECT\2016-1218周末班\C++\2017-4-15牌\牌壳\CODE\CARDS\CARDS\DEBUG\OOBJECT.OBJ
E:\PROJECT\2016-1218周末班\C++\2017-4-15牌\牌壳\CODE\CARDS\CARDS\DEBUG\POKER.OBJ
E:\PROJECT\2016-1218周末班\C++\2017-4-15牌\牌壳\CODE\CARDS\CARDS\DEBUG\WINMAIN.OBJ
E:\PROJECT\2016-1218周末班\C++\2017-4-15牌\牌壳\CODE\CARDS\CARDS\DEBUG\VC110.PDB
E:\PROJECT\2016-1218周末班\C++\2017-4-15牌\牌壳\CODE\CARDS\CARDS\DEBUG\AAAACARDSRANK.OBJ
E:\PROJECT\2016-1218周末班\C++\2017-4-15牌\牌壳\CODE\CARDS\CARDS\DEBUG\RULE.OBJ
E:\PROJECT\2016-1218周末班\C++\2017-4-15牌\牌壳\CODE\CARDS\DEBUG\CARDS.ILK
E:\PROJECT\2016-1218周末班\C++\2017-4-15牌\牌壳\CODE\CARDS\DEBUG\CARDS.EXE
E:\PROJECT\2016-1218周末班\C++\2017-4-15牌\牌壳\CODE\CARDS\DEBUG\CARDS.PDB
E:\PROJECT\2016-1218周末班\C++\2017-4-15牌\牌壳\CODE\CARDS\CARDS\DEBUG\CARDS.RES
E:\Project\2016-1218周末班\C++\2017-4-15牌\牌壳\Code\Cards\Cards\Debug\AAAACardsRank.obj
E:\Project\2016-1218周末班\C++\2017-4-15牌\牌壳\Code\Cards\Cards\Debug\Cards.obj
E:\Project\2016-1218周末班\C++\2017-4-15牌\牌壳\Code\Cards\Cards\Debug\CardsCtrl.obj
E:\Project\2016-1218周末班\C++\2017-4-15牌\牌壳\Code\Cards\Cards\Debug\CardsRank.obj
E:\Project\2016-1218周末班\C++\2017-4-15牌\牌壳\Code\Cards\Cards\Debug\OObject.obj
E:\Project\2016-1218周末班\C++\2017-4-15牌\牌壳\Code\Cards\Cards\Debug\Poker.obj
E:\Project\2016-1218周末班\C++\2017-4-15牌\牌壳\Code\Cards\Cards\Debug\Rule.obj
E:\Project\2016-1218周末班\C++\2017-4-15牌\牌壳\Code\Cards\Cards\Debug\WinMain.obj
E:\Project\2016-1218周末班\C++\2017-4-15牌\牌壳\Code\Cards\Cards\Debug\cl.command.1.tlog
E:\Project\2016-1218周末班\C++\2017-4-15牌\牌壳\Code\Cards\Cards\Debug\CL.read.1.tlog
E:\Project\2016-1218周末班\C++\2017-4-15牌\牌壳\Code\Cards\Cards\Debug\CL.write.1.tlog
E:\Project\2016-1218周末班\C++\2017-4-15牌\牌壳\Code\Cards\Cards\Debug\link-cvtres.read.1.tlog
E:\Project\2016-1218周末班\C++\2017-4-15牌\牌壳\Code\Cards\Cards\Debug\link-cvtres.write.1.tlog
E:\Project\2016-1218周末班\C++\2017-4-15牌\牌壳\Code\Cards\Cards\Debug\link-rc.read.1.tlog
E:\Project\2016-1218周末班\C++\2017-4-15牌\牌壳\Code\Cards\Cards\Debug\link-rc.write.1.tlog
E:\Project\2016-1218周末班\C++\2017-4-15牌\牌壳\Code\Cards\Cards\Debug\link.4444-cvtres.read.1.tlog
E:\Project\2016-1218周末班\C++\2017-4-15牌\牌壳\Code\Cards\Cards\Debug\link.4444-cvtres.write.1.tlog
E:\Project\2016-1218周末班\C++\2017-4-15牌\牌壳\Code\Cards\Cards\Debug\link.4444-rc.read.1.tlog
E:\Project\2016-1218周末班\C++\2017-4-15牌\牌壳\Code\Cards\Cards\Debug\link.4444-rc.write.1.tlog
E:\Project\2016-1218周末班\C++\2017-4-15牌\牌壳\Code\Cards\Cards\Debug\link.4444.read.1.tlog
E:\Project\2016-1218周末班\C++\2017-4-15牌\牌壳\Code\Cards\Cards\Debug\link.4444.write.1.tlog
E:\Project\2016-1218周末班\C++\2017-4-15牌\牌壳\Code\Cards\Cards\Debug\link.command.1.tlog
E:\Project\2016-1218周末班\C++\2017-4-15牌\牌壳\Code\Cards\Cards\Debug\link.read.1.tlog
E:\Project\2016-1218周末班\C++\2017-4-15牌\牌壳\Code\Cards\Cards\Debug\link.write.1.tlog
E:\Project\2016-1218周末班\C++\2017-4-15牌\牌壳\Code\Cards\Cards\Debug\rc.command.1.tlog
E:\Project\2016-1218周末班\C++\2017-4-15牌\牌壳\Code\Cards\Cards\Debug\rc.read.1.tlog
E:\Project\2016-1218周末班\C++\2017-4-15牌\牌壳\Code\Cards\Cards\Debug\rc.write.1.tlog
E:\Project\2016-1218周末班\C++\2017-4-15牌\牌壳\Code\Cards\Cards\Debug\Cards.res
E:\Project\2016-1218周末班\C++\2017-4-15牌\牌壳\Code\Cards\Cards\Debug\vc110.idb
E:\Project\2016-1218周末班\C++\2017-4-15牌\牌壳\Code\Cards\Cards\Debug\vc110.pdb
E:\Project\2016-1218周末班\C++\2017-4-15牌\牌壳\Code\Cards\Debug\Cards.pdb
E:\Project\2016-1218周末班\C++\2017-4-15牌\牌壳\Code\Cards\Debug\Cards.exe
E:\Project\2016-1218周末班\C++\2017-4-15牌\牌壳\Code\Cards\Debug\Cards.ilk
