生成启动时间为 2019/3/28 21:04:02。
     1>项目“D:\vs2012 project\done\牌壳\Code\Cards\Cards\Cards.vcxproj”在节点 2 上(Build 个目标)。
     1>ClCompile:
         C:\Program Files (x86)\Microsoft Visual Studio 11.0\VC\bin\CL.exe /c /ZI /nologo /W3 /WX- /Od /Oy- /D WIN32 /D _DEBUG /D _WINDOWS /D _MBCS /Gm /EHsc /RTC1 /MDd /GS /fp:precise /Zc:wchar_t /Zc:forScope /Fo"Debug\\" /Fd"Debug\vc110.pdb" /Gd /TP /analyze- /errorReport:prompt CardsCtrl.cpp
         CardsCtrl.cpp
       Link:
         C:\Program Files (x86)\Microsoft Visual Studio 11.0\VC\bin\link.exe /ERRORREPORT:PROMPT /OUT:"D:\vs2012 project\done\牌壳\Code\Cards\Debug\Cards.exe" /INCREMENTAL /NOLOGO kernel32.lib user32.lib gdi32.lib winspool.lib comdlg32.lib advapi32.lib shell32.lib ole32.lib oleaut32.lib uuid.lib odbc32.lib odbccp32.lib /MANIFEST /MANIFESTUAC:"level='asInvoker' uiAccess='false'" /manifest:embed /DEBUG /PDB:"D:\vs2012 project\done\牌壳\Code\Cards\Debug\Cards.pdb" /SUBSYSTEM:WINDOWS /TLBID:1 /DYNAMICBASE /NXCOMPAT /IMPLIB:"D:\vs2012 project\done\牌壳\Code\Cards\Debug\Cards.lib" /MACHINE:X86 Debug\Cards.res
         Debug\AAACardsRank.obj
         Debug\AAARule.obj
         Debug\Cards.obj
         Debug\CardsCtrl.obj
         Debug\CardsRank.obj
         Debug\OObject.obj
         Debug\Poker.obj
         Debug\Rule.obj
         Debug\WinMain.obj
         Cards.vcxproj -> D:\vs2012 project\done\牌壳\Code\Cards\Debug\Cards.exe
     1>已完成生成项目“D:\vs2012 project\done\牌壳\Code\Cards\Cards\Cards.vcxproj”(Build 个目标)的操作。

生成成功。

已用时间 00:00:02.14
